<?xml version="1.0" encoding="UTF-8"?>
<!-- Generated by org.testng.reporters.JUnitReportReporter -->
<testsuite hostname="SUNNY-HP" name="csjobs.model.dao.UserDaoTest" tests="3" failures="0" timestamp="20 Aug 2015 18:04:53 GMT" time="0.148" errors="0">
  <testcase name="getUserByEmail" time="0.063" classname="csjobs.model.dao.UserDaoTest"/>
  <testcase name="checkApplication" time="0.075" classname="csjobs.model.dao.UserDaoTest"/>
  <testcase name="getUserById" time="0.010" classname="csjobs.model.dao.UserDaoTest"/>
</testsuite> <!-- csjobs.model.dao.UserDaoTest -->
